<?xml version="1.0" encoding="UTF-8"?>
<!-- Generated by org.testng.reporters.JUnitXMLReporter -->
<testsuite hostname="GSOD-BM1" name="NewTest" tests="1" failures="0" timestamp="7 Oct 2014 18:07:17 GMT" time="0.078" errors="0">
  <testcase name="@BeforeTest beforeTest" time="0.0" classname="test.NewTest">
    <failure type="java.lang.IllegalStateException" message="The path to the driver executable must be set by the webdriver.ie.driver system property; for more information, see http://code.google.com/p/selenium/wiki/InternetExplorerDriver. The latest version can be downloaded from http://selenium-release.storage.googleapis.com/index.html">
      <![CDATA[java.lang.IllegalStateException: The path to the driver executable must be set by the webdriver.ie.driver system property; for more information, see http://code.google.com/p/selenium/wiki/InternetExplorerDriver. The latest version can be downloaded from http://selenium-release.storage.googleapis.com/index.html
	at com.google.common.base.Preconditions.checkState(Preconditions.java:176)
	at org.openqa.selenium.remote.service.DriverService.findExecutable(DriverService.java:105)
	at org.openqa.selenium.ie.InternetExplorerDriverService.access$100(InternetExplorerDriverService.java:38)
	at org.openqa.selenium.ie.InternetExplorerDriverService$Builder.build(InternetExplorerDriverService.java:230)
	at org.openqa.selenium.ie.InternetExplorerDriver.setupService(InternetExplorerDriver.java:251)
	at org.openqa.selenium.ie.InternetExplorerDriver.<init>(InternetExplorerDriver.java:172)
	at org.openqa.selenium.ie.InternetExplorerDriver.<init>(InternetExplorerDriver.java:146)
	at test.NewTest.driverSetup(NewTest.java:37)
	at test.NewTest.beforeTest(NewTest.java:22)
... Removed 22 stack frames]]>
    </failure>
  </testcase> <!-- @BeforeTest beforeTest -->
  <testcase name="@AfterTest afterTest" time="0.0" classname="test.NewTest">
    <skipped/>
  </testcase> <!-- @AfterTest afterTest -->
  <testcase name="f" time="0.0" classname="test.NewTest">
    <skipped/>
  </testcase> <!-- f -->
</testsuite> <!-- NewTest -->
