<?xml version="1.0" encoding="UTF-8"?>
<!-- Generated by org.testng.reporters.JUnitXMLReporter -->
<testsuite hostname="GSOD-HMLO" name="test1" tests="1" failures="0" timestamp="31 May 2017 17:24:39 GMT" time="0.253" errors="0">
  <testcase name="@BeforeTest beforeTest" time="0.0" classname="test.NewTest">
    <failure type="java.lang.IllegalStateException" message="The driver executable does not exist: C:\home\user\bin">
      <![CDATA[java.lang.IllegalStateException: The driver executable does not exist: C:\home\user\bin
	at com.google.common.base.Preconditions.checkState(Preconditions.java:518)
	at org.openqa.selenium.remote.service.DriverService.checkExecutable(DriverService.java:136)
	at org.openqa.selenium.remote.service.DriverService.findExecutable(DriverService.java:131)
	at org.openqa.selenium.firefox.GeckoDriverService.access$100(GeckoDriverService.java:41)
	at org.openqa.selenium.firefox.GeckoDriverService$Builder.findDefaultExecutable(GeckoDriverService.java:115)
	at org.openqa.selenium.remote.service.DriverService$Builder.build(DriverService.java:330)
	at org.openqa.selenium.firefox.FirefoxDriver.toExecutor(FirefoxDriver.java:207)
	at org.openqa.selenium.firefox.FirefoxDriver.<init>(FirefoxDriver.java:108)
	at org.openqa.selenium.firefox.FirefoxDriver.<init>(FirefoxDriver.java:104)
	at test.NewTest.driverSetup(NewTest.java:61)
	at test.NewTest.beforeTest(NewTest.java:31)
... Removed 22 stack frames]]>
    </failure>
  </testcase> <!-- @BeforeTest beforeTest -->
  <testcase name="@AfterTest afterTest" time="0.0" classname="test.NewTest">
    <skipped/>
  </testcase> <!-- @AfterTest afterTest -->
  <testcase name="test" time="0.003" classname="test.NewTest">
    <skipped/>
  </testcase> <!-- test -->
</testsuite> <!-- test1 -->
