<?xml version="1.0" encoding="UTF-8"?>
<testng-results skipped="0" failed="0" total="1" passed="1">
  <reporter-output>
  </reporter-output>
  <suite name="Default suite" duration-ms="22312" started-at="2014-10-08T20:40:45Z" finished-at="2014-10-08T20:41:08Z">
    <groups>
    </groups>
    <test name="Default test" duration-ms="22312" started-at="2014-10-08T20:40:45Z" finished-at="2014-10-08T20:41:08Z">
      <class name="test.NewTest">
        <test-method status="PASS" signature="beforeTest()[pri:0, instance:test.NewTest@144eaefe]" name="beforeTest" is-config="true" duration-ms="14272" started-at="2014-10-08T16:40:45Z" finished-at="2014-10-08T16:41:00Z">
          <reporter-output>
          </reporter-output>
        </test-method> <!-- beforeTest -->
        <test-method status="PASS" signature="test()[pri:0, instance:test.NewTest@144eaefe]" name="test" duration-ms="8027" started-at="2014-10-08T16:41:00Z" finished-at="2014-10-08T16:41:08Z">
          <reporter-output>
          </reporter-output>
        </test-method> <!-- test -->
        <test-method status="PASS" signature="afterTest()[pri:0, instance:test.NewTest@144eaefe]" name="afterTest" is-config="true" duration-ms="0" started-at="2014-10-08T16:41:08Z" finished-at="2014-10-08T16:41:08Z">
          <reporter-output>
          </reporter-output>
        </test-method> <!-- afterTest -->
      </class> <!-- test.NewTest -->
    </test> <!-- Default test -->
  </suite> <!-- Default suite -->
</testng-results>
